# JRE version: Java(TM) SE Runtime Environment (17.0.8+9) (build 17.0.8+9-LTS-211)
# Java VM: Java HotSpot(TM) 64-Bit Server VM (17.0.8+9-LTS-211, mixed mode, emulated-client, sharing, tiered, compressed oops, compressed class ptrs, g1 gc, bsd-amd64)
GC Precious Log:
 CPUs: 12 total, 12 available
 Memory: 16384M
 Large Page Support: Disabled
 NUMA Support: Disabled
 Compressed Oops: Enabled (Zero based)
 Heap Region Size: 2M
 Heap Min Capacity: 8M
 Heap Initial Capacity: 256M
 Heap Max Capacity: 4G
 Pre-touch: Disabled
 Parallel Workers: 10
 Concurrent Workers: 3
 Concurrent Refinement Workers: 10
 Periodic GC: Disabled
Heap:
 garbage-first heap   total 118784K, used 93604K [0x0000000700000000, 0x0000000800000000)
  region size 2048K, 25 young (51200K), 3 survivors (6144K)
 Metaspace       used 78675K, committed 79296K, reserved 1179648K
  class space    used 11679K, committed 11968K, reserved 1048576K
GC Heap History (20 events):
Event: 2.432 GC heap after
{Heap after GC invocations=12 (full 0):
 garbage-first heap   total 92160K, used 33023K [0x0000000700000000, 0x0000000800000000)
  region size 2048K, 2 young (4096K), 2 survivors (4096K)
 Metaspace       used 38379K, committed 38848K, reserved 1114112K
  class space    used 5401K, committed 5632K, reserved 1048576K
}
Event: 2.452 GC heap before
{Heap before GC invocations=12 (full 0):
 garbage-first heap   total 92160K, used 33023K [0x0000000700000000, 0x0000000800000000)
  region size 2048K, 3 young (6144K), 2 survivors (4096K)
 Metaspace       used 38750K, committed 39232K, reserved 1114112K
  class space    used 5456K, committed 5696K, reserved 1048576K
}
Event: 2.454 GC heap after
{Heap after GC invocations=13 (full 0):
 garbage-first heap   total 92160K, used 33316K [0x0000000700000000, 0x0000000800000000)
  region size 2048K, 1 young (2048K), 1 survivors (2048K)
 Metaspace       used 38750K, committed 39232K, reserved 1114112K
  class space    used 5456K, committed 5696K, reserved 1048576K
}
Event: 2.785 GC heap before
{Heap before GC invocations=13 (full 0):
 garbage-first heap   total 92160K, used 66084K [0x0000000700000000, 0x0000000800000000)
  region size 2048K, 17 young (34816K), 1 survivors (2048K)
 Metaspace       used 46924K, committed 47424K, reserved 1114112K
  class space    used 6672K, committed 6912K, reserved 1048576K
}
Event: 2.786 GC heap after
{Heap after GC invocations=14 (full 0):
 garbage-first heap   total 92160K, used 35488K [0x0000000700000000, 0x0000000800000000)
  region size 2048K, 2 young (4096K), 2 survivors (4096K)
 Metaspace       used 46924K, committed 47424K, reserved 1114112K
  class space    used 6672K, committed 6912K, reserved 1048576K
}
Event: 3.111 GC heap before
{Heap before GC invocations=14 (full 0):
 garbage-first heap   total 92160K, used 64160K [0x0000000700000000, 0x0000000800000000)
  region size 2048K, 17 young (34816K), 2 survivors (4096K)
 Metaspace       used 54920K, committed 55424K, reserved 1114112K
  class space    used 7748K, committed 8000K, reserved 1048576K
}
Event: 3.113 GC heap after
{Heap after GC invocations=15 (full 0):
 garbage-first heap   total 92160K, used 37230K [0x0000000700000000, 0x0000000800000000)
  region size 2048K, 3 young (6144K), 3 survivors (6144K)
 Metaspace       used 54920K, committed 55424K, reserved 1114112K
  class space    used 7748K, committed 8000K, reserved 1048576K
}
Event: 3.312 GC heap before
{Heap before GC invocations=15 (full 0):
 garbage-first heap   total 92160K, used 55662K [0x0000000700000000, 0x0000000800000000)
  region size 2048K, 14 young (28672K), 3 survivors (6144K)
 Metaspace       used 60176K, committed 60608K, reserved 1114112K
  class space    used 8551K, committed 8768K, reserved 1048576K
}
Event: 3.315 GC heap after
{Heap after GC invocations=16 (full 0):
 garbage-first heap   total 92160K, used 38406K [0x0000000700000000, 0x0000000800000000)
  region size 2048K, 2 young (4096K), 2 survivors (4096K)
 Metaspace       used 60176K, committed 60608K, reserved 1114112K
  class space    used 8551K, committed 8768K, reserved 1048576K
}
Event: 3.596 GC heap before
{Heap before GC invocations=17 (full 0):
 garbage-first heap   total 92160K, used 67078K [0x0000000700000000, 0x0000000800000000)
  region size 2048K, 17 young (34816K), 2 survivors (4096K)
 Metaspace       used 64676K, committed 65152K, reserved 1114112K
  class space    used 9382K, committed 9600K, reserved 1048576K
}
Event: 3.598 GC heap after
{Heap after GC invocations=18 (full 0):
 garbage-first heap   total 92160K, used 39274K [0x0000000700000000, 0x0000000800000000)
  region size 2048K, 2 young (4096K), 2 survivors (4096K)
 Metaspace       used 64676K, committed 65152K, reserved 1114112K
  class space    used 9382K, committed 9600K, reserved 1048576K
}
Event: 3.955 GC heap before
{Heap before GC invocations=18 (full 0):
 garbage-first heap   total 92160K, used 69994K [0x0000000700000000, 0x0000000800000000)
  region size 2048K, 17 young (34816K), 2 survivors (4096K)
 Metaspace       used 68773K, committed 69376K, reserved 1114112K
  class space    used 9942K, committed 10240K, reserved 1048576K
}
Event: 3.959 GC heap after
{Heap after GC invocations=19 (full 0):
 garbage-first heap   total 92160K, used 41588K [0x0000000700000000, 0x0000000800000000)
  region size 2048K, 3 young (6144K), 3 survivors (6144K)
 Metaspace       used 68773K, committed 69376K, reserved 1114112K
  class space    used 9942K, committed 10240K, reserved 1048576K
}
Event: 4.142 GC heap before
{Heap before GC invocations=19 (full 0):
 garbage-first heap   total 92160K, used 68212K [0x0000000700000000, 0x0000000800000000)
  region size 2048K, 17 young (34816K), 3 survivors (6144K)
 Metaspace       used 72467K, committed 73152K, reserved 1114112K
  class space    used 10690K, committed 11008K, reserved 1048576K
}
Event: 4.146 GC heap after
{Heap after GC invocations=20 (full 0):
 garbage-first heap   total 92160K, used 44104K [0x0000000700000000, 0x0000000800000000)
  region size 2048K, 3 young (6144K), 3 survivors (6144K)
 Metaspace       used 72467K, committed 73152K, reserved 1114112K
  class space    used 10690K, committed 11008K, reserved 1048576K
}
Event: 4.362 GC heap before
{Heap before GC invocations=20 (full 0):
 garbage-first heap   total 92160K, used 70728K [0x0000000700000000, 0x0000000800000000)
  region size 2048K, 16 young (32768K), 3 survivors (6144K)
 Metaspace       used 74995K, committed 75648K, reserved 1114112K
  class space    used 11078K, committed 11392K, reserved 1048576K
}
Event: 4.366 GC heap after
{Heap after GC invocations=21 (full 0):
 garbage-first heap   total 118784K, used 46080K [0x0000000700000000, 0x0000000800000000)
  region size 2048K, 2 young (4096K), 2 survivors (4096K)
 Metaspace       used 74995K, committed 75648K, reserved 1114112K
  class space    used 11078K, committed 11392K, reserved 1048576K
}
Event: 4.777 GC heap before
{Heap before GC invocations=22 (full 0):
 garbage-first heap   total 118784K, used 91136K [0x0000000700000000, 0x0000000800000000)
  region size 2048K, 24 young (49152K), 2 survivors (4096K)
 Metaspace       used 77151K, committed 77760K, reserved 1179648K
  class space    used 11400K, committed 11712K, reserved 1048576K
}
Event: 4.780 GC heap after
{Heap after GC invocations=23 (full 0):
 garbage-first heap   total 118784K, used 48548K [0x0000000700000000, 0x0000000800000000)
  region size 2048K, 3 young (6144K), 3 survivors (6144K)
 Metaspace       used 77151K, committed 77760K, reserved 1179648K
  class space    used 11400K, committed 11712K, reserved 1048576K
}
Event: 5.163 GC heap before
{Heap before GC invocations=23 (full 0):
 garbage-first heap   total 118784K, used 93604K [0x0000000700000000, 0x0000000800000000)
  region size 2048K, 25 young (51200K), 3 survivors (6144K)
 Metaspace       used 78675K, committed 79296K, reserved 1179648K
  class space    used 11679K, committed 11968K, reserved 1048576K
}

